Vivado Simulator v2024.2.0
Copyright 1986-2022 Xilinx, Inc. All Rights Reserved.
Copyright 2022-2024 Advanced Micro Devices, Inc. All Rights Reserved.
Running: C:/Xilinx/Vivado/2024.2/bin/unwrapped/win64.o/xelab.exe --incr --debug typical --relax --mt 2 -L xil_defaultlib -L secureip --snapshot tb_exponentiation_realistic_behav xil_defaultlib.tb_exponentiation_realistic -log elaborate.log 
Using 2 slave threads.
Starting static elaboration
Completed static elaboration
Starting simulation data flow analysis
Completed simulation data flow analysis
Time Resolution for simulation is 1ps
Compiling package std.standard
Compiling package std.textio
Compiling package ieee.std_logic_1164
Compiling package ieee.numeric_std
Compiling package synopsys.attributes
Compiling package ieee.std_logic_misc
Compiling architecture rtl of entity xil_defaultlib.monpro [monpro_default]
Compiling architecture rtl of entity xil_defaultlib.fsm [fsm_default]
Compiling architecture rtl of entity xil_defaultlib.entry_counter [entry_counter_default]
Compiling architecture rtl of entity xil_defaultlib.vlnw_controller [vlnw_controller_default]
Compiling architecture rtl of entity xil_defaultlib.exponentiation [exponentiation_default]
Compiling architecture sim of entity xil_defaultlib.tb_exponentiation_realistic
Built simulation snapshot tb_exponentiation_realistic_behav
